04-Dec-2025 18:06:29.700 INFO [main] org.apache.catalina.startup.VersionLoggerListener.log Nombre de la versi√≥n del servidor: Apache Tomcat/11.0.13
04-Dec-2025 18:06:29.704 INFO [main] org.apache.catalina.startup.VersionLoggerListener.log Server built:                      Oct 10 2025 13:57:31 UTC
04-Dec-2025 18:06:29.706 INFO [main] org.apache.catalina.startup.VersionLoggerListener.log N√∫mero de versi√≥n de servidor:     11.0.13.0
04-Dec-2025 18:06:29.706 INFO [main] org.apache.catalina.startup.VersionLoggerListener.log OS Name:                           Windows 11
04-Dec-2025 18:06:29.706 INFO [main] org.apache.catalina.startup.VersionLoggerListener.log Versi√≥n de Systema Operativo:      10.0
04-Dec-2025 18:06:29.706 INFO [main] org.apache.catalina.startup.VersionLoggerListener.log Arquitectura:                      amd64
04-Dec-2025 18:06:29.706 INFO [main] org.apache.catalina.startup.VersionLoggerListener.log Java Home:                         C:\Program Files\Java\jdk-21
04-Dec-2025 18:06:29.706 INFO [main] org.apache.catalina.startup.VersionLoggerListener.log JVM Version:                       21.0.8+12-LTS-250
04-Dec-2025 18:06:29.706 INFO [main] org.apache.catalina.startup.VersionLoggerListener.log Vededor JVM:                       Oracle Corporation
04-Dec-2025 18:06:29.708 INFO [main] org.apache.catalina.startup.VersionLoggerListener.log CATALINA_BASE:                     C:\Users\ignac\git\eventosUy\apache-tomcat-11.0.13
04-Dec-2025 18:06:29.708 INFO [main] org.apache.catalina.startup.VersionLoggerListener.log CATALINA_HOME:                     C:\Users\ignac\git\eventosUy\apache-tomcat-11.0.13
04-Dec-2025 18:06:29.718 INFO [main] org.apache.catalina.startup.VersionLoggerListener.log Command line argument:             -Djava.util.logging.config.file=C:/Users/ignac/git/eventosUy/apache-tomcat-11.0.13/conf/logging.properties
04-Dec-2025 18:06:29.718 INFO [main] org.apache.catalina.startup.VersionLoggerListener.log Command line argument:             -Djava.util.logging.manager=org.apache.juli.ClassLoaderLogManager
04-Dec-2025 18:06:29.718 INFO [main] org.apache.catalina.startup.VersionLoggerListener.log Command line argument:             -Djdk.tls.ephemeralDHKeySize=2048
04-Dec-2025 18:06:29.718 INFO [main] org.apache.catalina.startup.VersionLoggerListener.log Command line argument:             -Dorg.apache.catalina.security.SecurityListener.UMASK=0027
04-Dec-2025 18:06:29.718 INFO [main] org.apache.catalina.startup.VersionLoggerListener.log Command line argument:             --add-opens=java.base/java.lang=ALL-UNNAMED
04-Dec-2025 18:06:29.718 INFO [main] org.apache.catalina.startup.VersionLoggerListener.log Command line argument:             --add-opens=java.base/java.lang.reflect=ALL-UNNAMED
04-Dec-2025 18:06:29.718 INFO [main] org.apache.catalina.startup.VersionLoggerListener.log Command line argument:             --add-opens=java.base/java.io=ALL-UNNAMED
04-Dec-2025 18:06:29.718 INFO [main] org.apache.catalina.startup.VersionLoggerListener.log Command line argument:             --add-opens=java.base/java.util=ALL-UNNAMED
04-Dec-2025 18:06:29.718 INFO [main] org.apache.catalina.startup.VersionLoggerListener.log Command line argument:             --add-opens=java.base/java.util.concurrent=ALL-UNNAMED
04-Dec-2025 18:06:29.718 INFO [main] org.apache.catalina.startup.VersionLoggerListener.log Command line argument:             --add-opens=java.rmi/sun.rmi.transport=ALL-UNNAMED
04-Dec-2025 18:06:29.718 INFO [main] org.apache.catalina.startup.VersionLoggerListener.log Command line argument:             --enable-native-access=ALL-UNNAMED
04-Dec-2025 18:06:29.718 INFO [main] org.apache.catalina.startup.VersionLoggerListener.log Command line argument:             -Dcatalina.base=C:/Users/ignac/git/eventosUy/apache-tomcat-11.0.13
04-Dec-2025 18:06:29.718 INFO [main] org.apache.catalina.startup.VersionLoggerListener.log Command line argument:             -Dcatalina.home=C:/Users/ignac/git/eventosUy/apache-tomcat-11.0.13
04-Dec-2025 18:06:29.718 INFO [main] org.apache.catalina.startup.VersionLoggerListener.log Command line argument:             -Djava.io.tmpdir=C:/Users/ignac/git/eventosUy/apache-tomcat-11.0.13/temp
04-Dec-2025 18:06:29.730 INFO [main] org.apache.catalina.core.AprLifecycleListener.lifecycleEvent La biblioteca nativa de Apache Tomcat basada en ARP que permite un rendimiento √≥ptimo en entornos de desarrollo no ha sido hallada en java.library.path: [C:\Program Files\Java\jdk-21\bin;C:\WINDOWS\Sun\Java\bin;C:\WINDOWS\system32;C:\WINDOWS;C:\Users\ignac\bin;C:\Program Files\Git\mingw64\bin;C:\Program Files\Git\usr\local\bin;C:\Program Files\Git\usr\bin;C:\Program Files\Git\usr\bin;C:\Program Files\Git\mingw64\bin;C:\Program Files\Git\usr\bin;C:\Users\ignac\bin;C:\Program Files (x86)\NVIDIA Corporation\PhysX\Common;C:\Program Files\Common Files\Oracle\Java\javapath;C:\Program Files (x86)\Common Files\Oracle\Java\javapath;C:\WINDOWS\system32;C:\WINDOWS;C:\WINDOWS\System32\Wbem;C:\WINDOWS\System32\WindowsPowerShell\v1.0;C:\WINDOWS\System32\OpenSSH;C:\Program Files\Git\cmd;C:\Program Files\Docker\Docker\resources\bin;C:\Program Files\nodejs;C:\ProgramData\chocolatey\bin;C:\ProgramData\chocolatey\lib\maven\apache-maven-3.9.11\bin;C:\Program Files (x86)\NVIDIA Corporation\PhysX\Common;C:\Program Files\Common Files\Oracle\Java\javapath;C:\Program Files (x86)\Common Files\Oracle\Java\javapath;C:\WINDOWS\system32;C:\WINDOWS;C:\WINDOWS\System32\Wbem;C:\WINDOWS\System32\WindowsPowerShell\v1.0;C:\WINDOWS\System32\OpenSSH;C:\Program Files\Git\cmd;C:\Program Files\Docker\Docker\resources\bin;C:\Program Files\nodejs;C:\ProgramData\chocolatey\bin;C:\ProgramData\chocolatey\lib\maven\apache-maven-3.9.11\bin;C:\Program Files\Java\jdk-21\bin;C:\Users\ignac\AppData\Local\Programs\Microsoft VS Code\bin;C:\Program Files\Git\usr\bin\vendor_perl;C:\Program Files\Git\usr\bin\core_perl;.]
04-Dec-2025 18:06:30.005 INFO [main] org.apache.coyote.AbstractProtocol.init Inicializando el manejador de protocolo ["http-nio-8081"]

04-Dec-2025 18:06:30.029 INFO [main] org.apache.catalina.startup.Catalina.load Server initialization in [506] milliseconds
04-Dec-2025 18:06:30.078 INFO [main] org.apache.catalina.core.StandardService.startInternal Arrancando servicio [Catalina]
04-Dec-2025 18:06:30.078 INFO [main] org.apache.catalina.core.StandardEngine.startInternal Starting Servlet engine: [Apache Tomcat/11.0.13]
04-Dec-2025 18:06:30.097 INFO [main] org.apache.catalina.startup.HostConfig.deployWAR Despliegue del archivo [C:\Users\ignac\git\eventosUy\apache-tomcat-11.0.13\webapps\tarea2-0.0.1-SNAPSHOT.war] de la aplicaci√≥n web
04-Dec-2025 18:06:30.117 INFO [main] org.apache.catalina.startup.ExpandWar.expand An expanded directory [C:\Users\ignac\git\eventosUy\apache-tomcat-11.0.13\webapps\tarea2-0.0.1-SNAPSHOT] was found with a last modified time that did not match the associated WAR. It will be deleted.
04-Dec-2025 18:06:33.289 INFO [main] org.apache.jasper.servlet.TldScanner.scanJars Al menos un JAR, que se ha explorado buscando TLDs, a√∫n no conten√≠a TLDs. Activar historial de depuraci√≥n para este historiador para una completa lista de los JARs que fueron explorados y de los que nos se hall√≥ TLDs. Saltarse JARs no necesarios durante la exploraci√≥n puede dar lugar a una mejora de tiempo significativa en el arranque y compilaci√≥n de JSP .
Servidor iniciado ó cargando recursos...
04-Dec-2025 18:06:33.339 INFO [main] org.apache.catalina.startup.HostConfig.deployWAR Deployment of web application archive [C:\Users\ignac\git\eventosUy\apache-tomcat-11.0.13\webapps\tarea2-0.0.1-SNAPSHOT.war] has finished in [3.240] ms
04-Dec-2025 18:06:33.341 INFO [main] org.apache.catalina.startup.HostConfig.deployDirectory Desplegando el directorio [C:\Users\ignac\git\eventosUy\apache-tomcat-11.0.13\webapps\docs] de la aplicaci√≥n web
04-Dec-2025 18:06:33.375 INFO [main] org.apache.catalina.startup.HostConfig.deployDirectory Deployment of web application directory [C:\Users\ignac\git\eventosUy\apache-tomcat-11.0.13\webapps\docs] has finished in [36] ms
04-Dec-2025 18:06:33.375 INFO [main] org.apache.catalina.startup.HostConfig.deployDirectory Desplegando el directorio [C:\Users\ignac\git\eventosUy\apache-tomcat-11.0.13\webapps\examples] de la aplicaci√≥n web
04-Dec-2025 18:06:33.763 INFO [main] org.apache.catalina.startup.HostConfig.deployDirectory Deployment of web application directory [C:\Users\ignac\git\eventosUy\apache-tomcat-11.0.13\webapps\examples] has finished in [388] ms
04-Dec-2025 18:06:33.763 INFO [main] org.apache.catalina.startup.HostConfig.deployDirectory Desplegando el directorio [C:\Users\ignac\git\eventosUy\apache-tomcat-11.0.13\webapps\host-manager] de la aplicaci√≥n web
04-Dec-2025 18:06:33.802 INFO [main] org.apache.catalina.startup.HostConfig.deployDirectory Deployment of web application directory [C:\Users\ignac\git\eventosUy\apache-tomcat-11.0.13\webapps\host-manager] has finished in [39] ms
04-Dec-2025 18:06:33.802 INFO [main] org.apache.catalina.startup.HostConfig.deployDirectory Desplegando el directorio [C:\Users\ignac\git\eventosUy\apache-tomcat-11.0.13\webapps\manager] de la aplicaci√≥n web
04-Dec-2025 18:06:33.839 INFO [main] org.apache.catalina.startup.HostConfig.deployDirectory Deployment of web application directory [C:\Users\ignac\git\eventosUy\apache-tomcat-11.0.13\webapps\manager] has finished in [35] ms
04-Dec-2025 18:06:33.839 INFO [main] org.apache.catalina.startup.HostConfig.deployDirectory Desplegando el directorio [C:\Users\ignac\git\eventosUy\apache-tomcat-11.0.13\webapps\ROOT] de la aplicaci√≥n web
04-Dec-2025 18:06:33.863 INFO [main] org.apache.catalina.startup.HostConfig.deployDirectory Deployment of web application directory [C:\Users\ignac\git\eventosUy\apache-tomcat-11.0.13\webapps\ROOT] has finished in [24] ms
04-Dec-2025 18:06:33.868 INFO [main] org.apache.coyote.AbstractProtocol.start Starting ProtocolHandler ["http-nio-8081"]
04-Dec-2025 18:06:33.889 INFO [main] org.apache.catalina.startup.Catalina.start Server startup in [3859] milliseconds
04-Dec-2025 18:07:19.410 INFO [main] org.apache.catalina.core.StandardServer.await Se ha recibido un comando de apagado a trav√©s del puerto de apagado. Parando la instancia del Servidor.
04-Dec-2025 18:07:19.410 INFO [main] org.apache.coyote.AbstractProtocol.pause Pausing ProtocolHandler ["http-nio-8081"]
04-Dec-2025 18:07:19.414 INFO [main] org.apache.catalina.core.StandardService.stopInternal Parando servicio [Catalina]
Servidor detenido ó liberando recursos...
04-Dec-2025 18:07:19.432 INFO [main] org.apache.coyote.AbstractProtocol.stop Stopping ProtocolHandler ["http-nio-8081"]
04-Dec-2025 18:07:19.446 INFO [main] org.apache.coyote.AbstractProtocol.destroy Destroying ProtocolHandler ["http-nio-8081"]
04-Dec-2025 18:07:20.303 INFO [main] org.apache.catalina.startup.VersionLoggerListener.log Nombre de la versi√≥n del servidor: Apache Tomcat/11.0.13
04-Dec-2025 18:07:20.308 INFO [main] org.apache.catalina.startup.VersionLoggerListener.log Server built:                      Oct 10 2025 13:57:31 UTC
04-Dec-2025 18:07:20.308 INFO [main] org.apache.catalina.startup.VersionLoggerListener.log N√∫mero de versi√≥n de servidor:     11.0.13.0
04-Dec-2025 18:07:20.308 INFO [main] org.apache.catalina.startup.VersionLoggerListener.log OS Name:                           Windows 11
04-Dec-2025 18:07:20.308 INFO [main] org.apache.catalina.startup.VersionLoggerListener.log Versi√≥n de Systema Operativo:      10.0
04-Dec-2025 18:07:20.308 INFO [main] org.apache.catalina.startup.VersionLoggerListener.log Arquitectura:                      amd64
04-Dec-2025 18:07:20.308 INFO [main] org.apache.catalina.startup.VersionLoggerListener.log Java Home:                         C:\Program Files\Java\jdk-21
04-Dec-2025 18:07:20.308 INFO [main] org.apache.catalina.startup.VersionLoggerListener.log JVM Version:                       21.0.8+12-LTS-250
04-Dec-2025 18:07:20.308 INFO [main] org.apache.catalina.startup.VersionLoggerListener.log Vededor JVM:                       Oracle Corporation
04-Dec-2025 18:07:20.308 INFO [main] org.apache.catalina.startup.VersionLoggerListener.log CATALINA_BASE:                     C:\Users\ignac\git\eventosUy\apache-tomcat-11.0.13
04-Dec-2025 18:07:20.308 INFO [main] org.apache.catalina.startup.VersionLoggerListener.log CATALINA_HOME:                     C:\Users\ignac\git\eventosUy\apache-tomcat-11.0.13
04-Dec-2025 18:07:20.322 INFO [main] org.apache.catalina.startup.VersionLoggerListener.log Command line argument:             -Djava.util.logging.config.file=C:/Users/ignac/git/eventosUy/apache-tomcat-11.0.13/conf/logging.properties
04-Dec-2025 18:07:20.322 INFO [main] org.apache.catalina.startup.VersionLoggerListener.log Command line argument:             -Djava.util.logging.manager=org.apache.juli.ClassLoaderLogManager
04-Dec-2025 18:07:20.322 INFO [main] org.apache.catalina.startup.VersionLoggerListener.log Command line argument:             -Djdk.tls.ephemeralDHKeySize=2048
04-Dec-2025 18:07:20.322 INFO [main] org.apache.catalina.startup.VersionLoggerListener.log Command line argument:             -Dorg.apache.catalina.security.SecurityListener.UMASK=0027
04-Dec-2025 18:07:20.322 INFO [main] org.apache.catalina.startup.VersionLoggerListener.log Command line argument:             --add-opens=java.base/java.lang=ALL-UNNAMED
04-Dec-2025 18:07:20.322 INFO [main] org.apache.catalina.startup.VersionLoggerListener.log Command line argument:             --add-opens=java.base/java.lang.reflect=ALL-UNNAMED
04-Dec-2025 18:07:20.322 INFO [main] org.apache.catalina.startup.VersionLoggerListener.log Command line argument:             --add-opens=java.base/java.io=ALL-UNNAMED
04-Dec-2025 18:07:20.322 INFO [main] org.apache.catalina.startup.VersionLoggerListener.log Command line argument:             --add-opens=java.base/java.util=ALL-UNNAMED
04-Dec-2025 18:07:20.322 INFO [main] org.apache.catalina.startup.VersionLoggerListener.log Command line argument:             --add-opens=java.base/java.util.concurrent=ALL-UNNAMED
04-Dec-2025 18:07:20.322 INFO [main] org.apache.catalina.startup.VersionLoggerListener.log Command line argument:             --add-opens=java.rmi/sun.rmi.transport=ALL-UNNAMED
04-Dec-2025 18:07:20.322 INFO [main] org.apache.catalina.startup.VersionLoggerListener.log Command line argument:             --enable-native-access=ALL-UNNAMED
04-Dec-2025 18:07:20.322 INFO [main] org.apache.catalina.startup.VersionLoggerListener.log Command line argument:             -Dcatalina.base=C:/Users/ignac/git/eventosUy/apache-tomcat-11.0.13
04-Dec-2025 18:07:20.322 INFO [main] org.apache.catalina.startup.VersionLoggerListener.log Command line argument:             -Dcatalina.home=C:/Users/ignac/git/eventosUy/apache-tomcat-11.0.13
04-Dec-2025 18:07:20.322 INFO [main] org.apache.catalina.startup.VersionLoggerListener.log Command line argument:             -Djava.io.tmpdir=C:/Users/ignac/git/eventosUy/apache-tomcat-11.0.13/temp
04-Dec-2025 18:07:20.336 INFO [main] org.apache.catalina.core.AprLifecycleListener.lifecycleEvent La biblioteca nativa de Apache Tomcat basada en ARP que permite un rendimiento √≥ptimo en entornos de desarrollo no ha sido hallada en java.library.path: [C:\Program Files\Java\jdk-21\bin;C:\WINDOWS\Sun\Java\bin;C:\WINDOWS\system32;C:\WINDOWS;C:\Users\ignac\bin;C:\Program Files\Git\mingw64\bin;C:\Program Files\Git\usr\local\bin;C:\Program Files\Git\usr\bin;C:\Program Files\Git\usr\bin;C:\Program Files\Git\mingw64\bin;C:\Program Files\Git\usr\bin;C:\Users\ignac\bin;C:\Program Files (x86)\NVIDIA Corporation\PhysX\Common;C:\Program Files\Common Files\Oracle\Java\javapath;C:\Program Files (x86)\Common Files\Oracle\Java\javapath;C:\WINDOWS\system32;C:\WINDOWS;C:\WINDOWS\System32\Wbem;C:\WINDOWS\System32\WindowsPowerShell\v1.0;C:\WINDOWS\System32\OpenSSH;C:\Program Files\Git\cmd;C:\Program Files\Docker\Docker\resources\bin;C:\Program Files\nodejs;C:\ProgramData\chocolatey\bin;C:\ProgramData\chocolatey\lib\maven\apache-maven-3.9.11\bin;C:\Program Files (x86)\NVIDIA Corporation\PhysX\Common;C:\Program Files\Common Files\Oracle\Java\javapath;C:\Program Files (x86)\Common Files\Oracle\Java\javapath;C:\WINDOWS\system32;C:\WINDOWS;C:\WINDOWS\System32\Wbem;C:\WINDOWS\System32\WindowsPowerShell\v1.0;C:\WINDOWS\System32\OpenSSH;C:\Program Files\Git\cmd;C:\Program Files\Docker\Docker\resources\bin;C:\Program Files\nodejs;C:\ProgramData\chocolatey\bin;C:\ProgramData\chocolatey\lib\maven\apache-maven-3.9.11\bin;C:\Program Files\Java\jdk-21\bin;C:\Users\ignac\AppData\Local\Programs\Microsoft VS Code\bin;C:\Program Files\Git\usr\bin\vendor_perl;C:\Program Files\Git\usr\bin\core_perl;.]
04-Dec-2025 18:07:20.610 INFO [main] org.apache.coyote.AbstractProtocol.init Inicializando el manejador de protocolo ["http-nio-8081"]

04-Dec-2025 18:07:20.632 INFO [main] org.apache.catalina.startup.Catalina.load Server initialization in [509] milliseconds
04-Dec-2025 18:07:20.676 INFO [main] org.apache.catalina.core.StandardService.startInternal Arrancando servicio [Catalina]
04-Dec-2025 18:07:20.678 INFO [main] org.apache.catalina.core.StandardEngine.startInternal Starting Servlet engine: [Apache Tomcat/11.0.13]
04-Dec-2025 18:07:20.696 INFO [main] org.apache.catalina.startup.HostConfig.deployWAR Despliegue del archivo [C:\Users\ignac\git\eventosUy\apache-tomcat-11.0.13\webapps\tarea2-0.0.1-SNAPSHOT.war] de la aplicaci√≥n web
04-Dec-2025 18:07:20.718 INFO [main] org.apache.catalina.startup.ExpandWar.expand An expanded directory [C:\Users\ignac\git\eventosUy\apache-tomcat-11.0.13\webapps\tarea2-0.0.1-SNAPSHOT] was found with a last modified time that did not match the associated WAR. It will be deleted.
04-Dec-2025 18:07:23.848 INFO [main] org.apache.jasper.servlet.TldScanner.scanJars Al menos un JAR, que se ha explorado buscando TLDs, a√∫n no conten√≠a TLDs. Activar historial de depuraci√≥n para este historiador para una completa lista de los JARs que fueron explorados y de los que nos se hall√≥ TLDs. Saltarse JARs no necesarios durante la exploraci√≥n puede dar lugar a una mejora de tiempo significativa en el arranque y compilaci√≥n de JSP .
Servidor iniciado ó cargando recursos...
04-Dec-2025 18:07:23.911 INFO [main] org.apache.catalina.startup.HostConfig.deployWAR Deployment of web application archive [C:\Users\ignac\git\eventosUy\apache-tomcat-11.0.13\webapps\tarea2-0.0.1-SNAPSHOT.war] has finished in [3.211] ms
04-Dec-2025 18:07:23.912 INFO [main] org.apache.catalina.startup.HostConfig.deployDirectory Desplegando el directorio [C:\Users\ignac\git\eventosUy\apache-tomcat-11.0.13\webapps\docs] de la aplicaci√≥n web
04-Dec-2025 18:07:23.953 INFO [main] org.apache.catalina.startup.HostConfig.deployDirectory Deployment of web application directory [C:\Users\ignac\git\eventosUy\apache-tomcat-11.0.13\webapps\docs] has finished in [41] ms
04-Dec-2025 18:07:23.953 INFO [main] org.apache.catalina.startup.HostConfig.deployDirectory Desplegando el directorio [C:\Users\ignac\git\eventosUy\apache-tomcat-11.0.13\webapps\examples] de la aplicaci√≥n web
04-Dec-2025 18:07:24.426 INFO [main] org.apache.catalina.startup.HostConfig.deployDirectory Deployment of web application directory [C:\Users\ignac\git\eventosUy\apache-tomcat-11.0.13\webapps\examples] has finished in [473] ms
04-Dec-2025 18:07:24.426 INFO [main] org.apache.catalina.startup.HostConfig.deployDirectory Desplegando el directorio [C:\Users\ignac\git\eventosUy\apache-tomcat-11.0.13\webapps\host-manager] de la aplicaci√≥n web
04-Dec-2025 18:07:24.468 INFO [main] org.apache.catalina.startup.HostConfig.deployDirectory Deployment of web application directory [C:\Users\ignac\git\eventosUy\apache-tomcat-11.0.13\webapps\host-manager] has finished in [41] ms
04-Dec-2025 18:07:24.468 INFO [main] org.apache.catalina.startup.HostConfig.deployDirectory Desplegando el directorio [C:\Users\ignac\git\eventosUy\apache-tomcat-11.0.13\webapps\manager] de la aplicaci√≥n web
04-Dec-2025 18:07:24.504 INFO [main] org.apache.catalina.startup.HostConfig.deployDirectory Deployment of web application directory [C:\Users\ignac\git\eventosUy\apache-tomcat-11.0.13\webapps\manager] has finished in [36] ms
04-Dec-2025 18:07:24.504 INFO [main] org.apache.catalina.startup.HostConfig.deployDirectory Desplegando el directorio [C:\Users\ignac\git\eventosUy\apache-tomcat-11.0.13\webapps\ROOT] de la aplicaci√≥n web
04-Dec-2025 18:07:24.531 INFO [main] org.apache.catalina.startup.HostConfig.deployDirectory Deployment of web application directory [C:\Users\ignac\git\eventosUy\apache-tomcat-11.0.13\webapps\ROOT] has finished in [27] ms
04-Dec-2025 18:07:24.536 INFO [main] org.apache.coyote.AbstractProtocol.start Starting ProtocolHandler ["http-nio-8081"]
04-Dec-2025 18:07:24.561 INFO [main] org.apache.catalina.startup.Catalina.start Server startup in [3927] milliseconds
04-Dec-2025 18:08:42.354 INFO [main] org.apache.catalina.core.StandardServer.await Se ha recibido un comando de apagado a trav√©s del puerto de apagado. Parando la instancia del Servidor.
04-Dec-2025 18:08:42.355 INFO [main] org.apache.coyote.AbstractProtocol.pause Pausing ProtocolHandler ["http-nio-8081"]
04-Dec-2025 18:08:42.360 INFO [main] org.apache.catalina.core.StandardService.stopInternal Parando servicio [Catalina]
Servidor detenido ó liberando recursos...
04-Dec-2025 18:08:42.378 INFO [main] org.apache.coyote.AbstractProtocol.stop Stopping ProtocolHandler ["http-nio-8081"]
04-Dec-2025 18:08:42.388 INFO [main] org.apache.coyote.AbstractProtocol.destroy Destroying ProtocolHandler ["http-nio-8081"]
04-Dec-2025 18:08:43.186 INFO [main] org.apache.catalina.startup.VersionLoggerListener.log Nombre de la versi√≥n del servidor: Apache Tomcat/11.0.13
04-Dec-2025 18:08:43.188 INFO [main] org.apache.catalina.startup.VersionLoggerListener.log Server built:                      Oct 10 2025 13:57:31 UTC
04-Dec-2025 18:08:43.190 INFO [main] org.apache.catalina.startup.VersionLoggerListener.log N√∫mero de versi√≥n de servidor:     11.0.13.0
04-Dec-2025 18:08:43.190 INFO [main] org.apache.catalina.startup.VersionLoggerListener.log OS Name:                           Windows 11
04-Dec-2025 18:08:43.190 INFO [main] org.apache.catalina.startup.VersionLoggerListener.log Versi√≥n de Systema Operativo:      10.0
04-Dec-2025 18:08:43.190 INFO [main] org.apache.catalina.startup.VersionLoggerListener.log Arquitectura:                      amd64
04-Dec-2025 18:08:43.190 INFO [main] org.apache.catalina.startup.VersionLoggerListener.log Java Home:                         C:\Program Files\Java\jdk-21
04-Dec-2025 18:08:43.190 INFO [main] org.apache.catalina.startup.VersionLoggerListener.log JVM Version:                       21.0.8+12-LTS-250
04-Dec-2025 18:08:43.190 INFO [main] org.apache.catalina.startup.VersionLoggerListener.log Vededor JVM:                       Oracle Corporation
04-Dec-2025 18:08:43.190 INFO [main] org.apache.catalina.startup.VersionLoggerListener.log CATALINA_BASE:                     C:\Users\ignac\git\eventosUy\apache-tomcat-11.0.13
04-Dec-2025 18:08:43.190 INFO [main] org.apache.catalina.startup.VersionLoggerListener.log CATALINA_HOME:                     C:\Users\ignac\git\eventosUy\apache-tomcat-11.0.13
04-Dec-2025 18:08:43.199 INFO [main] org.apache.catalina.startup.VersionLoggerListener.log Command line argument:             -Djava.util.logging.config.file=C:/Users/ignac/git/eventosUy/apache-tomcat-11.0.13/conf/logging.properties
04-Dec-2025 18:08:43.199 INFO [main] org.apache.catalina.startup.VersionLoggerListener.log Command line argument:             -Djava.util.logging.manager=org.apache.juli.ClassLoaderLogManager
04-Dec-2025 18:08:43.199 INFO [main] org.apache.catalina.startup.VersionLoggerListener.log Command line argument:             -Djdk.tls.ephemeralDHKeySize=2048
04-Dec-2025 18:08:43.199 INFO [main] org.apache.catalina.startup.VersionLoggerListener.log Command line argument:             -Dorg.apache.catalina.security.SecurityListener.UMASK=0027
04-Dec-2025 18:08:43.199 INFO [main] org.apache.catalina.startup.VersionLoggerListener.log Command line argument:             --add-opens=java.base/java.lang=ALL-UNNAMED
04-Dec-2025 18:08:43.199 INFO [main] org.apache.catalina.startup.VersionLoggerListener.log Command line argument:             --add-opens=java.base/java.lang.reflect=ALL-UNNAMED
04-Dec-2025 18:08:43.199 INFO [main] org.apache.catalina.startup.VersionLoggerListener.log Command line argument:             --add-opens=java.base/java.io=ALL-UNNAMED
04-Dec-2025 18:08:43.199 INFO [main] org.apache.catalina.startup.VersionLoggerListener.log Command line argument:             --add-opens=java.base/java.util=ALL-UNNAMED
04-Dec-2025 18:08:43.199 INFO [main] org.apache.catalina.startup.VersionLoggerListener.log Command line argument:             --add-opens=java.base/java.util.concurrent=ALL-UNNAMED
04-Dec-2025 18:08:43.199 INFO [main] org.apache.catalina.startup.VersionLoggerListener.log Command line argument:             --add-opens=java.rmi/sun.rmi.transport=ALL-UNNAMED
04-Dec-2025 18:08:43.201 INFO [main] org.apache.catalina.startup.VersionLoggerListener.log Command line argument:             --enable-native-access=ALL-UNNAMED
04-Dec-2025 18:08:43.201 INFO [main] org.apache.catalina.startup.VersionLoggerListener.log Command line argument:             -Dcatalina.base=C:/Users/ignac/git/eventosUy/apache-tomcat-11.0.13
04-Dec-2025 18:08:43.201 INFO [main] org.apache.catalina.startup.VersionLoggerListener.log Command line argument:             -Dcatalina.home=C:/Users/ignac/git/eventosUy/apache-tomcat-11.0.13
04-Dec-2025 18:08:43.201 INFO [main] org.apache.catalina.startup.VersionLoggerListener.log Command line argument:             -Djava.io.tmpdir=C:/Users/ignac/git/eventosUy/apache-tomcat-11.0.13/temp
04-Dec-2025 18:08:43.208 INFO [main] org.apache.catalina.core.AprLifecycleListener.lifecycleEvent La biblioteca nativa de Apache Tomcat basada en ARP que permite un rendimiento √≥ptimo en entornos de desarrollo no ha sido hallada en java.library.path: [C:\Program Files\Java\jdk-21\bin;C:\WINDOWS\Sun\Java\bin;C:\WINDOWS\system32;C:\WINDOWS;C:\Users\ignac\bin;C:\Program Files\Git\mingw64\bin;C:\Program Files\Git\usr\local\bin;C:\Program Files\Git\usr\bin;C:\Program Files\Git\usr\bin;C:\Program Files\Git\mingw64\bin;C:\Program Files\Git\usr\bin;C:\Users\ignac\bin;C:\Program Files (x86)\NVIDIA Corporation\PhysX\Common;C:\Program Files\Common Files\Oracle\Java\javapath;C:\Program Files (x86)\Common Files\Oracle\Java\javapath;C:\WINDOWS\system32;C:\WINDOWS;C:\WINDOWS\System32\Wbem;C:\WINDOWS\System32\WindowsPowerShell\v1.0;C:\WINDOWS\System32\OpenSSH;C:\Program Files\Git\cmd;C:\Program Files\Docker\Docker\resources\bin;C:\Program Files\nodejs;C:\ProgramData\chocolatey\bin;C:\ProgramData\chocolatey\lib\maven\apache-maven-3.9.11\bin;C:\Program Files (x86)\NVIDIA Corporation\PhysX\Common;C:\Program Files\Common Files\Oracle\Java\javapath;C:\Program Files (x86)\Common Files\Oracle\Java\javapath;C:\WINDOWS\system32;C:\WINDOWS;C:\WINDOWS\System32\Wbem;C:\WINDOWS\System32\WindowsPowerShell\v1.0;C:\WINDOWS\System32\OpenSSH;C:\Program Files\Git\cmd;C:\Program Files\Docker\Docker\resources\bin;C:\Program Files\nodejs;C:\ProgramData\chocolatey\bin;C:\ProgramData\chocolatey\lib\maven\apache-maven-3.9.11\bin;C:\Program Files\Java\jdk-21\bin;C:\Users\ignac\AppData\Local\Programs\Microsoft VS Code\bin;C:\Program Files\Git\usr\bin\vendor_perl;C:\Program Files\Git\usr\bin\core_perl;.]
04-Dec-2025 18:08:43.420 INFO [main] org.apache.coyote.AbstractProtocol.init Inicializando el manejador de protocolo ["http-nio-8081"]

04-Dec-2025 18:08:43.438 INFO [main] org.apache.catalina.startup.Catalina.load Server initialization in [397] milliseconds
04-Dec-2025 18:08:43.477 INFO [main] org.apache.catalina.core.StandardService.startInternal Arrancando servicio [Catalina]
04-Dec-2025 18:08:43.477 INFO [main] org.apache.catalina.core.StandardEngine.startInternal Starting Servlet engine: [Apache Tomcat/11.0.13]
04-Dec-2025 18:08:43.494 INFO [main] org.apache.catalina.startup.HostConfig.deployWAR Despliegue del archivo [C:\Users\ignac\git\eventosUy\apache-tomcat-11.0.13\webapps\tarea2-0.0.1-SNAPSHOT.war] de la aplicaci√≥n web
04-Dec-2025 18:08:43.510 INFO [main] org.apache.catalina.startup.ExpandWar.expand An expanded directory [C:\Users\ignac\git\eventosUy\apache-tomcat-11.0.13\webapps\tarea2-0.0.1-SNAPSHOT] was found with a last modified time that did not match the associated WAR. It will be deleted.
04-Dec-2025 18:08:46.238 INFO [main] org.apache.jasper.servlet.TldScanner.scanJars Al menos un JAR, que se ha explorado buscando TLDs, a√∫n no conten√≠a TLDs. Activar historial de depuraci√≥n para este historiador para una completa lista de los JARs que fueron explorados y de los que nos se hall√≥ TLDs. Saltarse JARs no necesarios durante la exploraci√≥n puede dar lugar a una mejora de tiempo significativa en el arranque y compilaci√≥n de JSP .
Servidor iniciado ó cargando recursos...
04-Dec-2025 18:08:46.285 INFO [main] org.apache.catalina.startup.HostConfig.deployWAR Deployment of web application archive [C:\Users\ignac\git\eventosUy\apache-tomcat-11.0.13\webapps\tarea2-0.0.1-SNAPSHOT.war] has finished in [2.789] ms
04-Dec-2025 18:08:46.286 INFO [main] org.apache.catalina.startup.HostConfig.deployDirectory Desplegando el directorio [C:\Users\ignac\git\eventosUy\apache-tomcat-11.0.13\webapps\docs] de la aplicaci√≥n web
04-Dec-2025 18:08:46.316 INFO [main] org.apache.catalina.startup.HostConfig.deployDirectory Deployment of web application directory [C:\Users\ignac\git\eventosUy\apache-tomcat-11.0.13\webapps\docs] has finished in [30] ms
04-Dec-2025 18:08:46.316 INFO [main] org.apache.catalina.startup.HostConfig.deployDirectory Desplegando el directorio [C:\Users\ignac\git\eventosUy\apache-tomcat-11.0.13\webapps\examples] de la aplicaci√≥n web
04-Dec-2025 18:08:46.672 INFO [main] org.apache.catalina.startup.HostConfig.deployDirectory Deployment of web application directory [C:\Users\ignac\git\eventosUy\apache-tomcat-11.0.13\webapps\examples] has finished in [354] ms
04-Dec-2025 18:08:46.672 INFO [main] org.apache.catalina.startup.HostConfig.deployDirectory Desplegando el directorio [C:\Users\ignac\git\eventosUy\apache-tomcat-11.0.13\webapps\host-manager] de la aplicaci√≥n web
04-Dec-2025 18:08:46.706 INFO [main] org.apache.catalina.startup.HostConfig.deployDirectory Deployment of web application directory [C:\Users\ignac\git\eventosUy\apache-tomcat-11.0.13\webapps\host-manager] has finished in [33] ms
04-Dec-2025 18:08:46.706 INFO [main] org.apache.catalina.startup.HostConfig.deployDirectory Desplegando el directorio [C:\Users\ignac\git\eventosUy\apache-tomcat-11.0.13\webapps\manager] de la aplicaci√≥n web
04-Dec-2025 18:08:46.738 INFO [main] org.apache.catalina.startup.HostConfig.deployDirectory Deployment of web application directory [C:\Users\ignac\git\eventosUy\apache-tomcat-11.0.13\webapps\manager] has finished in [32] ms
04-Dec-2025 18:08:46.738 INFO [main] org.apache.catalina.startup.HostConfig.deployDirectory Desplegando el directorio [C:\Users\ignac\git\eventosUy\apache-tomcat-11.0.13\webapps\ROOT] de la aplicaci√≥n web
04-Dec-2025 18:08:46.760 INFO [main] org.apache.catalina.startup.HostConfig.deployDirectory Deployment of web application directory [C:\Users\ignac\git\eventosUy\apache-tomcat-11.0.13\webapps\ROOT] has finished in [22] ms
04-Dec-2025 18:08:46.765 INFO [main] org.apache.coyote.AbstractProtocol.start Starting ProtocolHandler ["http-nio-8081"]
04-Dec-2025 18:08:46.784 INFO [main] org.apache.catalina.startup.Catalina.start Server startup in [3343] milliseconds
04-Dec-2025 18:10:51.792 INFO [main] org.apache.catalina.core.StandardServer.await Se ha recibido un comando de apagado a trav√©s del puerto de apagado. Parando la instancia del Servidor.
04-Dec-2025 18:10:51.792 INFO [main] org.apache.coyote.AbstractProtocol.pause Pausing ProtocolHandler ["http-nio-8081"]
04-Dec-2025 18:10:51.796 INFO [main] org.apache.catalina.core.StandardService.stopInternal Parando servicio [Catalina]
Servidor detenido ó liberando recursos...
04-Dec-2025 18:10:51.813 INFO [main] org.apache.coyote.AbstractProtocol.stop Stopping ProtocolHandler ["http-nio-8081"]
04-Dec-2025 18:10:51.825 INFO [main] org.apache.coyote.AbstractProtocol.destroy Destroying ProtocolHandler ["http-nio-8081"]
04-Dec-2025 18:10:52.632 INFO [main] org.apache.catalina.startup.VersionLoggerListener.log Nombre de la versi√≥n del servidor: Apache Tomcat/11.0.13
04-Dec-2025 18:10:52.635 INFO [main] org.apache.catalina.startup.VersionLoggerListener.log Server built:                      Oct 10 2025 13:57:31 UTC
04-Dec-2025 18:10:52.635 INFO [main] org.apache.catalina.startup.VersionLoggerListener.log N√∫mero de versi√≥n de servidor:     11.0.13.0
04-Dec-2025 18:10:52.637 INFO [main] org.apache.catalina.startup.VersionLoggerListener.log OS Name:                           Windows 11
04-Dec-2025 18:10:52.637 INFO [main] org.apache.catalina.startup.VersionLoggerListener.log Versi√≥n de Systema Operativo:      10.0
04-Dec-2025 18:10:52.637 INFO [main] org.apache.catalina.startup.VersionLoggerListener.log Arquitectura:                      amd64
04-Dec-2025 18:10:52.637 INFO [main] org.apache.catalina.startup.VersionLoggerListener.log Java Home:                         C:\Program Files\Java\jdk-21
04-Dec-2025 18:10:52.637 INFO [main] org.apache.catalina.startup.VersionLoggerListener.log JVM Version:                       21.0.8+12-LTS-250
04-Dec-2025 18:10:52.637 INFO [main] org.apache.catalina.startup.VersionLoggerListener.log Vededor JVM:                       Oracle Corporation
04-Dec-2025 18:10:52.637 INFO [main] org.apache.catalina.startup.VersionLoggerListener.log CATALINA_BASE:                     C:\Users\ignac\git\eventosUy\apache-tomcat-11.0.13
04-Dec-2025 18:10:52.637 INFO [main] org.apache.catalina.startup.VersionLoggerListener.log CATALINA_HOME:                     C:\Users\ignac\git\eventosUy\apache-tomcat-11.0.13
04-Dec-2025 18:10:52.647 INFO [main] org.apache.catalina.startup.VersionLoggerListener.log Command line argument:             -Djava.util.logging.config.file=C:/Users/ignac/git/eventosUy/apache-tomcat-11.0.13/conf/logging.properties
04-Dec-2025 18:10:52.647 INFO [main] org.apache.catalina.startup.VersionLoggerListener.log Command line argument:             -Djava.util.logging.manager=org.apache.juli.ClassLoaderLogManager
04-Dec-2025 18:10:52.647 INFO [main] org.apache.catalina.startup.VersionLoggerListener.log Command line argument:             -Djdk.tls.ephemeralDHKeySize=2048
04-Dec-2025 18:10:52.647 INFO [main] org.apache.catalina.startup.VersionLoggerListener.log Command line argument:             -Dorg.apache.catalina.security.SecurityListener.UMASK=0027
04-Dec-2025 18:10:52.647 INFO [main] org.apache.catalina.startup.VersionLoggerListener.log Command line argument:             --add-opens=java.base/java.lang=ALL-UNNAMED
04-Dec-2025 18:10:52.647 INFO [main] org.apache.catalina.startup.VersionLoggerListener.log Command line argument:             --add-opens=java.base/java.lang.reflect=ALL-UNNAMED
04-Dec-2025 18:10:52.647 INFO [main] org.apache.catalina.startup.VersionLoggerListener.log Command line argument:             --add-opens=java.base/java.io=ALL-UNNAMED
04-Dec-2025 18:10:52.647 INFO [main] org.apache.catalina.startup.VersionLoggerListener.log Command line argument:             --add-opens=java.base/java.util=ALL-UNNAMED
04-Dec-2025 18:10:52.647 INFO [main] org.apache.catalina.startup.VersionLoggerListener.log Command line argument:             --add-opens=java.base/java.util.concurrent=ALL-UNNAMED
04-Dec-2025 18:10:52.647 INFO [main] org.apache.catalina.startup.VersionLoggerListener.log Command line argument:             --add-opens=java.rmi/sun.rmi.transport=ALL-UNNAMED
04-Dec-2025 18:10:52.647 INFO [main] org.apache.catalina.startup.VersionLoggerListener.log Command line argument:             --enable-native-access=ALL-UNNAMED
04-Dec-2025 18:10:52.647 INFO [main] org.apache.catalina.startup.VersionLoggerListener.log Command line argument:             -Dcatalina.base=C:/Users/ignac/git/eventosUy/apache-tomcat-11.0.13
04-Dec-2025 18:10:52.649 INFO [main] org.apache.catalina.startup.VersionLoggerListener.log Command line argument:             -Dcatalina.home=C:/Users/ignac/git/eventosUy/apache-tomcat-11.0.13
04-Dec-2025 18:10:52.649 INFO [main] org.apache.catalina.startup.VersionLoggerListener.log Command line argument:             -Djava.io.tmpdir=C:/Users/ignac/git/eventosUy/apache-tomcat-11.0.13/temp
04-Dec-2025 18:10:52.658 INFO [main] org.apache.catalina.core.AprLifecycleListener.lifecycleEvent La biblioteca nativa de Apache Tomcat basada en ARP que permite un rendimiento √≥ptimo en entornos de desarrollo no ha sido hallada en java.library.path: [C:\Program Files\Java\jdk-21\bin;C:\WINDOWS\Sun\Java\bin;C:\WINDOWS\system32;C:\WINDOWS;C:\Users\ignac\bin;C:\Program Files\Git\mingw64\bin;C:\Program Files\Git\usr\local\bin;C:\Program Files\Git\usr\bin;C:\Program Files\Git\usr\bin;C:\Program Files\Git\mingw64\bin;C:\Program Files\Git\usr\bin;C:\Users\ignac\bin;C:\Program Files (x86)\NVIDIA Corporation\PhysX\Common;C:\Program Files\Common Files\Oracle\Java\javapath;C:\Program Files (x86)\Common Files\Oracle\Java\javapath;C:\WINDOWS\system32;C:\WINDOWS;C:\WINDOWS\System32\Wbem;C:\WINDOWS\System32\WindowsPowerShell\v1.0;C:\WINDOWS\System32\OpenSSH;C:\Program Files\Git\cmd;C:\Program Files\Docker\Docker\resources\bin;C:\Program Files\nodejs;C:\ProgramData\chocolatey\bin;C:\ProgramData\chocolatey\lib\maven\apache-maven-3.9.11\bin;C:\Program Files (x86)\NVIDIA Corporation\PhysX\Common;C:\Program Files\Common Files\Oracle\Java\javapath;C:\Program Files (x86)\Common Files\Oracle\Java\javapath;C:\WINDOWS\system32;C:\WINDOWS;C:\WINDOWS\System32\Wbem;C:\WINDOWS\System32\WindowsPowerShell\v1.0;C:\WINDOWS\System32\OpenSSH;C:\Program Files\Git\cmd;C:\Program Files\Docker\Docker\resources\bin;C:\Program Files\nodejs;C:\ProgramData\chocolatey\bin;C:\ProgramData\chocolatey\lib\maven\apache-maven-3.9.11\bin;C:\Program Files\Java\jdk-21\bin;C:\Users\ignac\AppData\Local\Programs\Microsoft VS Code\bin;C:\Program Files\Git\usr\bin\vendor_perl;C:\Program Files\Git\usr\bin\core_perl;.]
04-Dec-2025 18:10:52.869 INFO [main] org.apache.coyote.AbstractProtocol.init Inicializando el manejador de protocolo ["http-nio-8081"]

04-Dec-2025 18:10:52.884 INFO [main] org.apache.catalina.startup.Catalina.load Server initialization in [404] milliseconds
04-Dec-2025 18:10:52.926 INFO [main] org.apache.catalina.core.StandardService.startInternal Arrancando servicio [Catalina]
04-Dec-2025 18:10:52.926 INFO [main] org.apache.catalina.core.StandardEngine.startInternal Starting Servlet engine: [Apache Tomcat/11.0.13]
04-Dec-2025 18:10:52.941 INFO [main] org.apache.catalina.startup.HostConfig.deployWAR Despliegue del archivo [C:\Users\ignac\git\eventosUy\apache-tomcat-11.0.13\webapps\tarea2-0.0.1-SNAPSHOT.war] de la aplicaci√≥n web
04-Dec-2025 18:10:52.958 INFO [main] org.apache.catalina.startup.ExpandWar.expand An expanded directory [C:\Users\ignac\git\eventosUy\apache-tomcat-11.0.13\webapps\tarea2-0.0.1-SNAPSHOT] was found with a last modified time that did not match the associated WAR. It will be deleted.
04-Dec-2025 18:10:55.540 INFO [main] org.apache.jasper.servlet.TldScanner.scanJars Al menos un JAR, que se ha explorado buscando TLDs, a√∫n no conten√≠a TLDs. Activar historial de depuraci√≥n para este historiador para una completa lista de los JARs que fueron explorados y de los que nos se hall√≥ TLDs. Saltarse JARs no necesarios durante la exploraci√≥n puede dar lugar a una mejora de tiempo significativa en el arranque y compilaci√≥n de JSP .
Servidor iniciado ó cargando recursos...
04-Dec-2025 18:10:55.586 INFO [main] org.apache.catalina.startup.HostConfig.deployWAR Deployment of web application archive [C:\Users\ignac\git\eventosUy\apache-tomcat-11.0.13\webapps\tarea2-0.0.1-SNAPSHOT.war] has finished in [2.643] ms
04-Dec-2025 18:10:55.586 INFO [main] org.apache.catalina.startup.HostConfig.deployDirectory Desplegando el directorio [C:\Users\ignac\git\eventosUy\apache-tomcat-11.0.13\webapps\docs] de la aplicaci√≥n web
04-Dec-2025 18:10:55.618 INFO [main] org.apache.catalina.startup.HostConfig.deployDirectory Deployment of web application directory [C:\Users\ignac\git\eventosUy\apache-tomcat-11.0.13\webapps\docs] has finished in [32] ms
04-Dec-2025 18:10:55.618 INFO [main] org.apache.catalina.startup.HostConfig.deployDirectory Desplegando el directorio [C:\Users\ignac\git\eventosUy\apache-tomcat-11.0.13\webapps\examples] de la aplicaci√≥n web
04-Dec-2025 18:10:55.982 INFO [main] org.apache.catalina.startup.HostConfig.deployDirectory Deployment of web application directory [C:\Users\ignac\git\eventosUy\apache-tomcat-11.0.13\webapps\examples] has finished in [364] ms
04-Dec-2025 18:10:55.982 INFO [main] org.apache.catalina.startup.HostConfig.deployDirectory Desplegando el directorio [C:\Users\ignac\git\eventosUy\apache-tomcat-11.0.13\webapps\host-manager] de la aplicaci√≥n web
04-Dec-2025 18:10:56.018 INFO [main] org.apache.catalina.startup.HostConfig.deployDirectory Deployment of web application directory [C:\Users\ignac\git\eventosUy\apache-tomcat-11.0.13\webapps\host-manager] has finished in [36] ms
04-Dec-2025 18:10:56.018 INFO [main] org.apache.catalina.startup.HostConfig.deployDirectory Desplegando el directorio [C:\Users\ignac\git\eventosUy\apache-tomcat-11.0.13\webapps\manager] de la aplicaci√≥n web
04-Dec-2025 18:10:56.049 INFO [main] org.apache.catalina.startup.HostConfig.deployDirectory Deployment of web application directory [C:\Users\ignac\git\eventosUy\apache-tomcat-11.0.13\webapps\manager] has finished in [31] ms
04-Dec-2025 18:10:56.049 INFO [main] org.apache.catalina.startup.HostConfig.deployDirectory Desplegando el directorio [C:\Users\ignac\git\eventosUy\apache-tomcat-11.0.13\webapps\ROOT] de la aplicaci√≥n web
04-Dec-2025 18:10:56.069 INFO [main] org.apache.catalina.startup.HostConfig.deployDirectory Deployment of web application directory [C:\Users\ignac\git\eventosUy\apache-tomcat-11.0.13\webapps\ROOT] has finished in [20] ms
04-Dec-2025 18:10:56.073 INFO [main] org.apache.coyote.AbstractProtocol.start Starting ProtocolHandler ["http-nio-8081"]
04-Dec-2025 18:10:56.094 INFO [main] org.apache.catalina.startup.Catalina.start Server startup in [3207] milliseconds
04-Dec-2025 18:11:18.662 INFO [main] org.apache.catalina.core.StandardServer.await Se ha recibido un comando de apagado a trav√©s del puerto de apagado. Parando la instancia del Servidor.
04-Dec-2025 18:11:18.664 INFO [main] org.apache.coyote.AbstractProtocol.pause Pausing ProtocolHandler ["http-nio-8081"]
04-Dec-2025 18:11:18.667 INFO [main] org.apache.catalina.core.StandardService.stopInternal Parando servicio [Catalina]
Servidor detenido ó liberando recursos...
04-Dec-2025 18:11:18.687 INFO [main] org.apache.coyote.AbstractProtocol.stop Stopping ProtocolHandler ["http-nio-8081"]
04-Dec-2025 18:11:18.697 INFO [main] org.apache.coyote.AbstractProtocol.destroy Destroying ProtocolHandler ["http-nio-8081"]
04-Dec-2025 18:11:19.479 INFO [main] org.apache.catalina.startup.VersionLoggerListener.log Nombre de la versi√≥n del servidor: Apache Tomcat/11.0.13
04-Dec-2025 18:11:19.482 INFO [main] org.apache.catalina.startup.VersionLoggerListener.log Server built:                      Oct 10 2025 13:57:31 UTC
04-Dec-2025 18:11:19.482 INFO [main] org.apache.catalina.startup.VersionLoggerListener.log N√∫mero de versi√≥n de servidor:     11.0.13.0
04-Dec-2025 18:11:19.482 INFO [main] org.apache.catalina.startup.VersionLoggerListener.log OS Name:                           Windows 11
04-Dec-2025 18:11:19.482 INFO [main] org.apache.catalina.startup.VersionLoggerListener.log Versi√≥n de Systema Operativo:      10.0
04-Dec-2025 18:11:19.482 INFO [main] org.apache.catalina.startup.VersionLoggerListener.log Arquitectura:                      amd64
04-Dec-2025 18:11:19.482 INFO [main] org.apache.catalina.startup.VersionLoggerListener.log Java Home:                         C:\Program Files\Java\jdk-21
04-Dec-2025 18:11:19.482 INFO [main] org.apache.catalina.startup.VersionLoggerListener.log JVM Version:                       21.0.8+12-LTS-250
04-Dec-2025 18:11:19.482 INFO [main] org.apache.catalina.startup.VersionLoggerListener.log Vededor JVM:                       Oracle Corporation
04-Dec-2025 18:11:19.482 INFO [main] org.apache.catalina.startup.VersionLoggerListener.log CATALINA_BASE:                     C:\Users\ignac\git\eventosUy\apache-tomcat-11.0.13
04-Dec-2025 18:11:19.482 INFO [main] org.apache.catalina.startup.VersionLoggerListener.log CATALINA_HOME:                     C:\Users\ignac\git\eventosUy\apache-tomcat-11.0.13
04-Dec-2025 18:11:19.494 INFO [main] org.apache.catalina.startup.VersionLoggerListener.log Command line argument:             -Djava.util.logging.config.file=C:/Users/ignac/git/eventosUy/apache-tomcat-11.0.13/conf/logging.properties
04-Dec-2025 18:11:19.494 INFO [main] org.apache.catalina.startup.VersionLoggerListener.log Command line argument:             -Djava.util.logging.manager=org.apache.juli.ClassLoaderLogManager
04-Dec-2025 18:11:19.494 INFO [main] org.apache.catalina.startup.VersionLoggerListener.log Command line argument:             -Djdk.tls.ephemeralDHKeySize=2048
04-Dec-2025 18:11:19.494 INFO [main] org.apache.catalina.startup.VersionLoggerListener.log Command line argument:             -Dorg.apache.catalina.security.SecurityListener.UMASK=0027
04-Dec-2025 18:11:19.494 INFO [main] org.apache.catalina.startup.VersionLoggerListener.log Command line argument:             --add-opens=java.base/java.lang=ALL-UNNAMED
04-Dec-2025 18:11:19.494 INFO [main] org.apache.catalina.startup.VersionLoggerListener.log Command line argument:             --add-opens=java.base/java.lang.reflect=ALL-UNNAMED
04-Dec-2025 18:11:19.494 INFO [main] org.apache.catalina.startup.VersionLoggerListener.log Command line argument:             --add-opens=java.base/java.io=ALL-UNNAMED
04-Dec-2025 18:11:19.494 INFO [main] org.apache.catalina.startup.VersionLoggerListener.log Command line argument:             --add-opens=java.base/java.util=ALL-UNNAMED
04-Dec-2025 18:11:19.494 INFO [main] org.apache.catalina.startup.VersionLoggerListener.log Command line argument:             --add-opens=java.base/java.util.concurrent=ALL-UNNAMED
04-Dec-2025 18:11:19.494 INFO [main] org.apache.catalina.startup.VersionLoggerListener.log Command line argument:             --add-opens=java.rmi/sun.rmi.transport=ALL-UNNAMED
04-Dec-2025 18:11:19.494 INFO [main] org.apache.catalina.startup.VersionLoggerListener.log Command line argument:             --enable-native-access=ALL-UNNAMED
04-Dec-2025 18:11:19.494 INFO [main] org.apache.catalina.startup.VersionLoggerListener.log Command line argument:             -Dcatalina.base=C:/Users/ignac/git/eventosUy/apache-tomcat-11.0.13
04-Dec-2025 18:11:19.494 INFO [main] org.apache.catalina.startup.VersionLoggerListener.log Command line argument:             -Dcatalina.home=C:/Users/ignac/git/eventosUy/apache-tomcat-11.0.13
04-Dec-2025 18:11:19.494 INFO [main] org.apache.catalina.startup.VersionLoggerListener.log Command line argument:             -Djava.io.tmpdir=C:/Users/ignac/git/eventosUy/apache-tomcat-11.0.13/temp
04-Dec-2025 18:11:19.504 INFO [main] org.apache.catalina.core.AprLifecycleListener.lifecycleEvent La biblioteca nativa de Apache Tomcat basada en ARP que permite un rendimiento √≥ptimo en entornos de desarrollo no ha sido hallada en java.library.path: [C:\Program Files\Java\jdk-21\bin;C:\WINDOWS\Sun\Java\bin;C:\WINDOWS\system32;C:\WINDOWS;C:\Users\ignac\bin;C:\Program Files\Git\mingw64\bin;C:\Program Files\Git\usr\local\bin;C:\Program Files\Git\usr\bin;C:\Program Files\Git\usr\bin;C:\Program Files\Git\mingw64\bin;C:\Program Files\Git\usr\bin;C:\Users\ignac\bin;C:\Program Files (x86)\NVIDIA Corporation\PhysX\Common;C:\Program Files\Common Files\Oracle\Java\javapath;C:\Program Files (x86)\Common Files\Oracle\Java\javapath;C:\WINDOWS\system32;C:\WINDOWS;C:\WINDOWS\System32\Wbem;C:\WINDOWS\System32\WindowsPowerShell\v1.0;C:\WINDOWS\System32\OpenSSH;C:\Program Files\Git\cmd;C:\Program Files\Docker\Docker\resources\bin;C:\Program Files\nodejs;C:\ProgramData\chocolatey\bin;C:\ProgramData\chocolatey\lib\maven\apache-maven-3.9.11\bin;C:\Program Files (x86)\NVIDIA Corporation\PhysX\Common;C:\Program Files\Common Files\Oracle\Java\javapath;C:\Program Files (x86)\Common Files\Oracle\Java\javapath;C:\WINDOWS\system32;C:\WINDOWS;C:\WINDOWS\System32\Wbem;C:\WINDOWS\System32\WindowsPowerShell\v1.0;C:\WINDOWS\System32\OpenSSH;C:\Program Files\Git\cmd;C:\Program Files\Docker\Docker\resources\bin;C:\Program Files\nodejs;C:\ProgramData\chocolatey\bin;C:\ProgramData\chocolatey\lib\maven\apache-maven-3.9.11\bin;C:\Program Files\Java\jdk-21\bin;C:\Users\ignac\AppData\Local\Programs\Microsoft VS Code\bin;C:\Program Files\Git\usr\bin\vendor_perl;C:\Program Files\Git\usr\bin\core_perl;.]
04-Dec-2025 18:11:19.714 INFO [main] org.apache.coyote.AbstractProtocol.init Inicializando el manejador de protocolo ["http-nio-8081"]

04-Dec-2025 18:11:19.732 INFO [main] org.apache.catalina.startup.Catalina.load Server initialization in [396] milliseconds
04-Dec-2025 18:11:19.772 INFO [main] org.apache.catalina.core.StandardService.startInternal Arrancando servicio [Catalina]
04-Dec-2025 18:11:19.772 INFO [main] org.apache.catalina.core.StandardEngine.startInternal Starting Servlet engine: [Apache Tomcat/11.0.13]
04-Dec-2025 18:11:19.787 INFO [main] org.apache.catalina.startup.HostConfig.deployWAR Despliegue del archivo [C:\Users\ignac\git\eventosUy\apache-tomcat-11.0.13\webapps\tarea2-0.0.1-SNAPSHOT.war] de la aplicaci√≥n web
04-Dec-2025 18:11:19.805 INFO [main] org.apache.catalina.startup.ExpandWar.expand An expanded directory [C:\Users\ignac\git\eventosUy\apache-tomcat-11.0.13\webapps\tarea2-0.0.1-SNAPSHOT] was found with a last modified time that did not match the associated WAR. It will be deleted.
04-Dec-2025 18:11:22.298 INFO [main] org.apache.jasper.servlet.TldScanner.scanJars Al menos un JAR, que se ha explorado buscando TLDs, a√∫n no conten√≠a TLDs. Activar historial de depuraci√≥n para este historiador para una completa lista de los JARs que fueron explorados y de los que nos se hall√≥ TLDs. Saltarse JARs no necesarios durante la exploraci√≥n puede dar lugar a una mejora de tiempo significativa en el arranque y compilaci√≥n de JSP .
Servidor iniciado ó cargando recursos...
04-Dec-2025 18:11:22.343 INFO [main] org.apache.catalina.startup.HostConfig.deployWAR Deployment of web application archive [C:\Users\ignac\git\eventosUy\apache-tomcat-11.0.13\webapps\tarea2-0.0.1-SNAPSHOT.war] has finished in [2.553] ms
04-Dec-2025 18:11:22.343 INFO [main] org.apache.catalina.startup.HostConfig.deployDirectory Desplegando el directorio [C:\Users\ignac\git\eventosUy\apache-tomcat-11.0.13\webapps\docs] de la aplicaci√≥n web
04-Dec-2025 18:11:22.375 INFO [main] org.apache.catalina.startup.HostConfig.deployDirectory Deployment of web application directory [C:\Users\ignac\git\eventosUy\apache-tomcat-11.0.13\webapps\docs] has finished in [32] ms
04-Dec-2025 18:11:22.375 INFO [main] org.apache.catalina.startup.HostConfig.deployDirectory Desplegando el directorio [C:\Users\ignac\git\eventosUy\apache-tomcat-11.0.13\webapps\examples] de la aplicaci√≥n web
04-Dec-2025 18:11:22.720 INFO [main] org.apache.catalina.startup.HostConfig.deployDirectory Deployment of web application directory [C:\Users\ignac\git\eventosUy\apache-tomcat-11.0.13\webapps\examples] has finished in [343] ms
04-Dec-2025 18:11:22.720 INFO [main] org.apache.catalina.startup.HostConfig.deployDirectory Desplegando el directorio [C:\Users\ignac\git\eventosUy\apache-tomcat-11.0.13\webapps\host-manager] de la aplicaci√≥n web
04-Dec-2025 18:11:22.761 INFO [main] org.apache.catalina.startup.HostConfig.deployDirectory Deployment of web application directory [C:\Users\ignac\git\eventosUy\apache-tomcat-11.0.13\webapps\host-manager] has finished in [39] ms
04-Dec-2025 18:11:22.761 INFO [main] org.apache.catalina.startup.HostConfig.deployDirectory Desplegando el directorio [C:\Users\ignac\git\eventosUy\apache-tomcat-11.0.13\webapps\manager] de la aplicaci√≥n web
04-Dec-2025 18:11:22.794 INFO [main] org.apache.catalina.startup.HostConfig.deployDirectory Deployment of web application directory [C:\Users\ignac\git\eventosUy\apache-tomcat-11.0.13\webapps\manager] has finished in [33] ms
04-Dec-2025 18:11:22.794 INFO [main] org.apache.catalina.startup.HostConfig.deployDirectory Desplegando el directorio [C:\Users\ignac\git\eventosUy\apache-tomcat-11.0.13\webapps\ROOT] de la aplicaci√≥n web
04-Dec-2025 18:11:22.820 INFO [main] org.apache.catalina.startup.HostConfig.deployDirectory Deployment of web application directory [C:\Users\ignac\git\eventosUy\apache-tomcat-11.0.13\webapps\ROOT] has finished in [26] ms
04-Dec-2025 18:11:22.824 INFO [main] org.apache.coyote.AbstractProtocol.start Starting ProtocolHandler ["http-nio-8081"]
04-Dec-2025 18:11:22.842 INFO [main] org.apache.catalina.startup.Catalina.start Server startup in [3109] milliseconds
04-Dec-2025 18:11:42.699 INFO [main] org.apache.catalina.core.StandardServer.await Se ha recibido un comando de apagado a trav√©s del puerto de apagado. Parando la instancia del Servidor.
04-Dec-2025 18:11:42.700 INFO [main] org.apache.coyote.AbstractProtocol.pause Pausing ProtocolHandler ["http-nio-8081"]
04-Dec-2025 18:11:42.703 INFO [main] org.apache.catalina.core.StandardService.stopInternal Parando servicio [Catalina]
Servidor detenido ó liberando recursos...
04-Dec-2025 18:11:42.718 INFO [main] org.apache.coyote.AbstractProtocol.stop Stopping ProtocolHandler ["http-nio-8081"]
04-Dec-2025 18:11:42.733 INFO [main] org.apache.coyote.AbstractProtocol.destroy Destroying ProtocolHandler ["http-nio-8081"]
04-Dec-2025 18:11:43.471 INFO [main] org.apache.catalina.startup.VersionLoggerListener.log Nombre de la versi√≥n del servidor: Apache Tomcat/11.0.13
04-Dec-2025 18:11:43.475 INFO [main] org.apache.catalina.startup.VersionLoggerListener.log Server built:                      Oct 10 2025 13:57:31 UTC
04-Dec-2025 18:11:43.475 INFO [main] org.apache.catalina.startup.VersionLoggerListener.log N√∫mero de versi√≥n de servidor:     11.0.13.0
04-Dec-2025 18:11:43.475 INFO [main] org.apache.catalina.startup.VersionLoggerListener.log OS Name:                           Windows 11
04-Dec-2025 18:11:43.475 INFO [main] org.apache.catalina.startup.VersionLoggerListener.log Versi√≥n de Systema Operativo:      10.0
04-Dec-2025 18:11:43.475 INFO [main] org.apache.catalina.startup.VersionLoggerListener.log Arquitectura:                      amd64
04-Dec-2025 18:11:43.475 INFO [main] org.apache.catalina.startup.VersionLoggerListener.log Java Home:                         C:\Program Files\Java\jdk-21
04-Dec-2025 18:11:43.475 INFO [main] org.apache.catalina.startup.VersionLoggerListener.log JVM Version:                       21.0.8+12-LTS-250
04-Dec-2025 18:11:43.475 INFO [main] org.apache.catalina.startup.VersionLoggerListener.log Vededor JVM:                       Oracle Corporation
04-Dec-2025 18:11:43.475 INFO [main] org.apache.catalina.startup.VersionLoggerListener.log CATALINA_BASE:                     C:\Users\ignac\git\eventosUy\apache-tomcat-11.0.13
04-Dec-2025 18:11:43.475 INFO [main] org.apache.catalina.startup.VersionLoggerListener.log CATALINA_HOME:                     C:\Users\ignac\git\eventosUy\apache-tomcat-11.0.13
04-Dec-2025 18:11:43.486 INFO [main] org.apache.catalina.startup.VersionLoggerListener.log Command line argument:             -Djava.util.logging.config.file=C:/Users/ignac/git/eventosUy/apache-tomcat-11.0.13/conf/logging.properties
04-Dec-2025 18:11:43.486 INFO [main] org.apache.catalina.startup.VersionLoggerListener.log Command line argument:             -Djava.util.logging.manager=org.apache.juli.ClassLoaderLogManager
04-Dec-2025 18:11:43.486 INFO [main] org.apache.catalina.startup.VersionLoggerListener.log Command line argument:             -Djdk.tls.ephemeralDHKeySize=2048
04-Dec-2025 18:11:43.486 INFO [main] org.apache.catalina.startup.VersionLoggerListener.log Command line argument:             -Dorg.apache.catalina.security.SecurityListener.UMASK=0027
04-Dec-2025 18:11:43.486 INFO [main] org.apache.catalina.startup.VersionLoggerListener.log Command line argument:             --add-opens=java.base/java.lang=ALL-UNNAMED
04-Dec-2025 18:11:43.486 INFO [main] org.apache.catalina.startup.VersionLoggerListener.log Command line argument:             --add-opens=java.base/java.lang.reflect=ALL-UNNAMED
04-Dec-2025 18:11:43.486 INFO [main] org.apache.catalina.startup.VersionLoggerListener.log Command line argument:             --add-opens=java.base/java.io=ALL-UNNAMED
04-Dec-2025 18:11:43.486 INFO [main] org.apache.catalina.startup.VersionLoggerListener.log Command line argument:             --add-opens=java.base/java.util=ALL-UNNAMED
04-Dec-2025 18:11:43.486 INFO [main] org.apache.catalina.startup.VersionLoggerListener.log Command line argument:             --add-opens=java.base/java.util.concurrent=ALL-UNNAMED
04-Dec-2025 18:11:43.486 INFO [main] org.apache.catalina.startup.VersionLoggerListener.log Command line argument:             --add-opens=java.rmi/sun.rmi.transport=ALL-UNNAMED
04-Dec-2025 18:11:43.486 INFO [main] org.apache.catalina.startup.VersionLoggerListener.log Command line argument:             --enable-native-access=ALL-UNNAMED
04-Dec-2025 18:11:43.486 INFO [main] org.apache.catalina.startup.VersionLoggerListener.log Command line argument:             -Dcatalina.base=C:/Users/ignac/git/eventosUy/apache-tomcat-11.0.13
04-Dec-2025 18:11:43.486 INFO [main] org.apache.catalina.startup.VersionLoggerListener.log Command line argument:             -Dcatalina.home=C:/Users/ignac/git/eventosUy/apache-tomcat-11.0.13
04-Dec-2025 18:11:43.486 INFO [main] org.apache.catalina.startup.VersionLoggerListener.log Command line argument:             -Djava.io.tmpdir=C:/Users/ignac/git/eventosUy/apache-tomcat-11.0.13/temp
04-Dec-2025 18:11:43.495 INFO [main] org.apache.catalina.core.AprLifecycleListener.lifecycleEvent La biblioteca nativa de Apache Tomcat basada en ARP que permite un rendimiento √≥ptimo en entornos de desarrollo no ha sido hallada en java.library.path: [C:\Program Files\Java\jdk-21\bin;C:\WINDOWS\Sun\Java\bin;C:\WINDOWS\system32;C:\WINDOWS;C:\Users\ignac\bin;C:\Program Files\Git\mingw64\bin;C:\Program Files\Git\usr\local\bin;C:\Program Files\Git\usr\bin;C:\Program Files\Git\usr\bin;C:\Program Files\Git\mingw64\bin;C:\Program Files\Git\usr\bin;C:\Users\ignac\bin;C:\Program Files (x86)\NVIDIA Corporation\PhysX\Common;C:\Program Files\Common Files\Oracle\Java\javapath;C:\Program Files (x86)\Common Files\Oracle\Java\javapath;C:\WINDOWS\system32;C:\WINDOWS;C:\WINDOWS\System32\Wbem;C:\WINDOWS\System32\WindowsPowerShell\v1.0;C:\WINDOWS\System32\OpenSSH;C:\Program Files\Git\cmd;C:\Program Files\Docker\Docker\resources\bin;C:\Program Files\nodejs;C:\ProgramData\chocolatey\bin;C:\ProgramData\chocolatey\lib\maven\apache-maven-3.9.11\bin;C:\Program Files (x86)\NVIDIA Corporation\PhysX\Common;C:\Program Files\Common Files\Oracle\Java\javapath;C:\Program Files (x86)\Common Files\Oracle\Java\javapath;C:\WINDOWS\system32;C:\WINDOWS;C:\WINDOWS\System32\Wbem;C:\WINDOWS\System32\WindowsPowerShell\v1.0;C:\WINDOWS\System32\OpenSSH;C:\Program Files\Git\cmd;C:\Program Files\Docker\Docker\resources\bin;C:\Program Files\nodejs;C:\ProgramData\chocolatey\bin;C:\ProgramData\chocolatey\lib\maven\apache-maven-3.9.11\bin;C:\Program Files\Java\jdk-21\bin;C:\Users\ignac\AppData\Local\Programs\Microsoft VS Code\bin;C:\Program Files\Git\usr\bin\vendor_perl;C:\Program Files\Git\usr\bin\core_perl;.]
04-Dec-2025 18:11:43.703 INFO [main] org.apache.coyote.AbstractProtocol.init Inicializando el manejador de protocolo ["http-nio-8081"]

04-Dec-2025 18:11:43.719 INFO [main] org.apache.catalina.startup.Catalina.load Server initialization in [388] milliseconds
04-Dec-2025 18:11:43.759 INFO [main] org.apache.catalina.core.StandardService.startInternal Arrancando servicio [Catalina]
04-Dec-2025 18:11:43.759 INFO [main] org.apache.catalina.core.StandardEngine.startInternal Starting Servlet engine: [Apache Tomcat/11.0.13]
04-Dec-2025 18:11:43.775 INFO [main] org.apache.catalina.startup.HostConfig.deployWAR Despliegue del archivo [C:\Users\ignac\git\eventosUy\apache-tomcat-11.0.13\webapps\tarea2-0.0.1-SNAPSHOT.war] de la aplicaci√≥n web
04-Dec-2025 18:11:43.791 INFO [main] org.apache.catalina.startup.ExpandWar.expand An expanded directory [C:\Users\ignac\git\eventosUy\apache-tomcat-11.0.13\webapps\tarea2-0.0.1-SNAPSHOT] was found with a last modified time that did not match the associated WAR. It will be deleted.
04-Dec-2025 18:11:46.325 INFO [main] org.apache.jasper.servlet.TldScanner.scanJars Al menos un JAR, que se ha explorado buscando TLDs, a√∫n no conten√≠a TLDs. Activar historial de depuraci√≥n para este historiador para una completa lista de los JARs que fueron explorados y de los que nos se hall√≥ TLDs. Saltarse JARs no necesarios durante la exploraci√≥n puede dar lugar a una mejora de tiempo significativa en el arranque y compilaci√≥n de JSP .
Servidor iniciado ó cargando recursos...
04-Dec-2025 18:11:46.370 INFO [main] org.apache.catalina.startup.HostConfig.deployWAR Deployment of web application archive [C:\Users\ignac\git\eventosUy\apache-tomcat-11.0.13\webapps\tarea2-0.0.1-SNAPSHOT.war] has finished in [2.595] ms
04-Dec-2025 18:11:46.372 INFO [main] org.apache.catalina.startup.HostConfig.deployDirectory Desplegando el directorio [C:\Users\ignac\git\eventosUy\apache-tomcat-11.0.13\webapps\docs] de la aplicaci√≥n web
04-Dec-2025 18:11:46.401 INFO [main] org.apache.catalina.startup.HostConfig.deployDirectory Deployment of web application directory [C:\Users\ignac\git\eventosUy\apache-tomcat-11.0.13\webapps\docs] has finished in [29] ms
04-Dec-2025 18:11:46.401 INFO [main] org.apache.catalina.startup.HostConfig.deployDirectory Desplegando el directorio [C:\Users\ignac\git\eventosUy\apache-tomcat-11.0.13\webapps\examples] de la aplicaci√≥n web
04-Dec-2025 18:11:46.740 INFO [main] org.apache.catalina.startup.HostConfig.deployDirectory Deployment of web application directory [C:\Users\ignac\git\eventosUy\apache-tomcat-11.0.13\webapps\examples] has finished in [339] ms
04-Dec-2025 18:11:46.740 INFO [main] org.apache.catalina.startup.HostConfig.deployDirectory Desplegando el directorio [C:\Users\ignac\git\eventosUy\apache-tomcat-11.0.13\webapps\host-manager] de la aplicaci√≥n web
04-Dec-2025 18:11:46.773 INFO [main] org.apache.catalina.startup.HostConfig.deployDirectory Deployment of web application directory [C:\Users\ignac\git\eventosUy\apache-tomcat-11.0.13\webapps\host-manager] has finished in [33] ms
04-Dec-2025 18:11:46.773 INFO [main] org.apache.catalina.startup.HostConfig.deployDirectory Desplegando el directorio [C:\Users\ignac\git\eventosUy\apache-tomcat-11.0.13\webapps\manager] de la aplicaci√≥n web
04-Dec-2025 18:11:46.803 INFO [main] org.apache.catalina.startup.HostConfig.deployDirectory Deployment of web application directory [C:\Users\ignac\git\eventosUy\apache-tomcat-11.0.13\webapps\manager] has finished in [30] ms
04-Dec-2025 18:11:46.803 INFO [main] org.apache.catalina.startup.HostConfig.deployDirectory Desplegando el directorio [C:\Users\ignac\git\eventosUy\apache-tomcat-11.0.13\webapps\ROOT] de la aplicaci√≥n web
04-Dec-2025 18:11:46.823 INFO [main] org.apache.catalina.startup.HostConfig.deployDirectory Deployment of web application directory [C:\Users\ignac\git\eventosUy\apache-tomcat-11.0.13\webapps\ROOT] has finished in [20] ms
04-Dec-2025 18:11:46.827 INFO [main] org.apache.coyote.AbstractProtocol.start Starting ProtocolHandler ["http-nio-8081"]
04-Dec-2025 18:11:46.847 INFO [main] org.apache.catalina.startup.Catalina.start Server startup in [3125] milliseconds
Montevideo Comics
Feria del Libro
Conferencia de TecnologÌa
Expointer Uruguay
04-Dec-2025 18:13:52.100 INFO [main] org.apache.catalina.core.StandardServer.await Se ha recibido un comando de apagado a trav√©s del puerto de apagado. Parando la instancia del Servidor.
04-Dec-2025 18:13:52.102 INFO [main] org.apache.coyote.AbstractProtocol.pause Pausing ProtocolHandler ["http-nio-8081"]
04-Dec-2025 18:13:52.109 INFO [main] org.apache.catalina.core.StandardService.stopInternal Parando servicio [Catalina]
Servidor detenido ó liberando recursos...
04-Dec-2025 18:13:52.127 INFO [main] org.apache.coyote.AbstractProtocol.stop Stopping ProtocolHandler ["http-nio-8081"]
04-Dec-2025 18:13:52.134 INFO [main] org.apache.coyote.AbstractProtocol.destroy Destroying ProtocolHandler ["http-nio-8081"]
04-Dec-2025 21:44:37.247 INFO [main] org.apache.catalina.startup.VersionLoggerListener.log Nombre de la versi√≥n del servidor: Apache Tomcat/11.0.13
04-Dec-2025 21:44:37.251 INFO [main] org.apache.catalina.startup.VersionLoggerListener.log Server built:                      Oct 10 2025 13:57:31 UTC
04-Dec-2025 21:44:37.252 INFO [main] org.apache.catalina.startup.VersionLoggerListener.log N√∫mero de versi√≥n de servidor:     11.0.13.0
04-Dec-2025 21:44:37.252 INFO [main] org.apache.catalina.startup.VersionLoggerListener.log OS Name:                           Windows 11
04-Dec-2025 21:44:37.252 INFO [main] org.apache.catalina.startup.VersionLoggerListener.log Versi√≥n de Systema Operativo:      10.0
04-Dec-2025 21:44:37.252 INFO [main] org.apache.catalina.startup.VersionLoggerListener.log Arquitectura:                      amd64
04-Dec-2025 21:44:37.252 INFO [main] org.apache.catalina.startup.VersionLoggerListener.log Java Home:                         C:\Program Files\Java\jdk-21
04-Dec-2025 21:44:37.252 INFO [main] org.apache.catalina.startup.VersionLoggerListener.log JVM Version:                       21.0.8+12-LTS-250
04-Dec-2025 21:44:37.252 INFO [main] org.apache.catalina.startup.VersionLoggerListener.log Vededor JVM:                       Oracle Corporation
04-Dec-2025 21:44:37.253 INFO [main] org.apache.catalina.startup.VersionLoggerListener.log CATALINA_BASE:                     C:\Users\ignac\git\eventosUy\apache-tomcat-11.0.13
04-Dec-2025 21:44:37.253 INFO [main] org.apache.catalina.startup.VersionLoggerListener.log CATALINA_HOME:                     C:\Users\ignac\git\eventosUy\apache-tomcat-11.0.13
04-Dec-2025 21:44:37.264 INFO [main] org.apache.catalina.startup.VersionLoggerListener.log Command line argument:             -Djava.util.logging.config.file=C:/Users/ignac/git/eventosUy/apache-tomcat-11.0.13/conf/logging.properties
04-Dec-2025 21:44:37.265 INFO [main] org.apache.catalina.startup.VersionLoggerListener.log Command line argument:             -Djava.util.logging.manager=org.apache.juli.ClassLoaderLogManager
04-Dec-2025 21:44:37.265 INFO [main] org.apache.catalina.startup.VersionLoggerListener.log Command line argument:             -Djdk.tls.ephemeralDHKeySize=2048
04-Dec-2025 21:44:37.265 INFO [main] org.apache.catalina.startup.VersionLoggerListener.log Command line argument:             -Dorg.apache.catalina.security.SecurityListener.UMASK=0027
04-Dec-2025 21:44:37.265 INFO [main] org.apache.catalina.startup.VersionLoggerListener.log Command line argument:             --add-opens=java.base/java.lang=ALL-UNNAMED
04-Dec-2025 21:44:37.265 INFO [main] org.apache.catalina.startup.VersionLoggerListener.log Command line argument:             --add-opens=java.base/java.lang.reflect=ALL-UNNAMED
04-Dec-2025 21:44:37.265 INFO [main] org.apache.catalina.startup.VersionLoggerListener.log Command line argument:             --add-opens=java.base/java.io=ALL-UNNAMED
04-Dec-2025 21:44:37.265 INFO [main] org.apache.catalina.startup.VersionLoggerListener.log Command line argument:             --add-opens=java.base/java.util=ALL-UNNAMED
04-Dec-2025 21:44:37.265 INFO [main] org.apache.catalina.startup.VersionLoggerListener.log Command line argument:             --add-opens=java.base/java.util.concurrent=ALL-UNNAMED
04-Dec-2025 21:44:37.265 INFO [main] org.apache.catalina.startup.VersionLoggerListener.log Command line argument:             --add-opens=java.rmi/sun.rmi.transport=ALL-UNNAMED
04-Dec-2025 21:44:37.266 INFO [main] org.apache.catalina.startup.VersionLoggerListener.log Command line argument:             --enable-native-access=ALL-UNNAMED
04-Dec-2025 21:44:37.266 INFO [main] org.apache.catalina.startup.VersionLoggerListener.log Command line argument:             -Dcatalina.base=C:/Users/ignac/git/eventosUy/apache-tomcat-11.0.13
04-Dec-2025 21:44:37.266 INFO [main] org.apache.catalina.startup.VersionLoggerListener.log Command line argument:             -Dcatalina.home=C:/Users/ignac/git/eventosUy/apache-tomcat-11.0.13
04-Dec-2025 21:44:37.266 INFO [main] org.apache.catalina.startup.VersionLoggerListener.log Command line argument:             -Djava.io.tmpdir=C:/Users/ignac/git/eventosUy/apache-tomcat-11.0.13/temp
04-Dec-2025 21:44:37.279 INFO [main] org.apache.catalina.core.AprLifecycleListener.lifecycleEvent La biblioteca nativa de Apache Tomcat basada en ARP que permite un rendimiento √≥ptimo en entornos de desarrollo no ha sido hallada en java.library.path: [C:\Program Files\Java\jdk-21\bin;C:\WINDOWS\Sun\Java\bin;C:\WINDOWS\system32;C:\WINDOWS;C:\Users\ignac\bin;C:\Program Files\Git\mingw64\bin;C:\Program Files\Git\usr\local\bin;C:\Program Files\Git\usr\bin;C:\Program Files\Git\usr\bin;C:\Program Files\Git\mingw64\bin;C:\Program Files\Git\usr\bin;C:\Users\ignac\bin;C:\Program Files (x86)\NVIDIA Corporation\PhysX\Common;C:\Program Files\Common Files\Oracle\Java\javapath;C:\Program Files (x86)\Common Files\Oracle\Java\javapath;C:\WINDOWS\system32;C:\WINDOWS;C:\WINDOWS\System32\Wbem;C:\WINDOWS\System32\WindowsPowerShell\v1.0;C:\WINDOWS\System32\OpenSSH;C:\Program Files\Git\cmd;C:\Program Files\Docker\Docker\resources\bin;C:\Program Files\nodejs;C:\ProgramData\chocolatey\bin;C:\ProgramData\chocolatey\lib\maven\apache-maven-3.9.11\bin;C:\Program Files (x86)\NVIDIA Corporation\PhysX\Common;C:\Program Files\Common Files\Oracle\Java\javapath;C:\Program Files (x86)\Common Files\Oracle\Java\javapath;C:\WINDOWS\system32;C:\WINDOWS;C:\WINDOWS\System32\Wbem;C:\WINDOWS\System32\WindowsPowerShell\v1.0;C:\WINDOWS\System32\OpenSSH;C:\Program Files\Git\cmd;C:\Program Files\Docker\Docker\resources\bin;C:\Program Files\nodejs;C:\ProgramData\chocolatey\bin;C:\ProgramData\chocolatey\lib\maven\apache-maven-3.9.11\bin;C:\Program Files\Java\jdk-21\bin;C:\Users\ignac\AppData\Local\Programs\Microsoft VS Code\bin;C:\Program Files\Git\usr\bin\vendor_perl;C:\Program Files\Git\usr\bin\core_perl;.]
04-Dec-2025 21:44:37.563 INFO [main] org.apache.coyote.AbstractProtocol.init Inicializando el manejador de protocolo ["http-nio-8081"]

04-Dec-2025 21:44:37.586 INFO [main] org.apache.catalina.startup.Catalina.load Server initialization in [516] milliseconds
04-Dec-2025 21:44:37.637 INFO [main] org.apache.catalina.core.StandardService.startInternal Arrancando servicio [Catalina]
04-Dec-2025 21:44:37.637 INFO [main] org.apache.catalina.core.StandardEngine.startInternal Starting Servlet engine: [Apache Tomcat/11.0.13]
04-Dec-2025 21:44:37.662 INFO [main] org.apache.catalina.startup.HostConfig.deployWAR Despliegue del archivo [C:\Users\ignac\git\eventosUy\apache-tomcat-11.0.13\webapps\tarea2-0.0.1-SNAPSHOT.war] de la aplicaci√≥n web
04-Dec-2025 21:44:37.682 INFO [main] org.apache.catalina.startup.ExpandWar.expand An expanded directory [C:\Users\ignac\git\eventosUy\apache-tomcat-11.0.13\webapps\tarea2-0.0.1-SNAPSHOT] was found with a last modified time that did not match the associated WAR. It will be deleted.
04-Dec-2025 21:44:40.578 INFO [main] org.apache.jasper.servlet.TldScanner.scanJars Al menos un JAR, que se ha explorado buscando TLDs, a√∫n no conten√≠a TLDs. Activar historial de depuraci√≥n para este historiador para una completa lista de los JARs que fueron explorados y de los que nos se hall√≥ TLDs. Saltarse JARs no necesarios durante la exploraci√≥n puede dar lugar a una mejora de tiempo significativa en el arranque y compilaci√≥n de JSP .
Servidor iniciado ó cargando recursos...
04-Dec-2025 21:44:40.632 INFO [main] org.apache.catalina.startup.HostConfig.deployWAR Deployment of web application archive [C:\Users\ignac\git\eventosUy\apache-tomcat-11.0.13\webapps\tarea2-0.0.1-SNAPSHOT.war] has finished in [2.967] ms
04-Dec-2025 21:44:40.633 INFO [main] org.apache.catalina.startup.HostConfig.deployDirectory Desplegando el directorio [C:\Users\ignac\git\eventosUy\apache-tomcat-11.0.13\webapps\docs] de la aplicaci√≥n web
04-Dec-2025 21:44:40.663 INFO [main] org.apache.catalina.startup.HostConfig.deployDirectory Deployment of web application directory [C:\Users\ignac\git\eventosUy\apache-tomcat-11.0.13\webapps\docs] has finished in [29] ms
04-Dec-2025 21:44:40.663 INFO [main] org.apache.catalina.startup.HostConfig.deployDirectory Desplegando el directorio [C:\Users\ignac\git\eventosUy\apache-tomcat-11.0.13\webapps\examples] de la aplicaci√≥n web
04-Dec-2025 21:44:41.003 INFO [main] org.apache.catalina.startup.HostConfig.deployDirectory Deployment of web application directory [C:\Users\ignac\git\eventosUy\apache-tomcat-11.0.13\webapps\examples] has finished in [340] ms
04-Dec-2025 21:44:41.004 INFO [main] org.apache.catalina.startup.HostConfig.deployDirectory Desplegando el directorio [C:\Users\ignac\git\eventosUy\apache-tomcat-11.0.13\webapps\host-manager] de la aplicaci√≥n web
04-Dec-2025 21:44:41.041 INFO [main] org.apache.catalina.startup.HostConfig.deployDirectory Deployment of web application directory [C:\Users\ignac\git\eventosUy\apache-tomcat-11.0.13\webapps\host-manager] has finished in [36] ms
04-Dec-2025 21:44:41.041 INFO [main] org.apache.catalina.startup.HostConfig.deployDirectory Desplegando el directorio [C:\Users\ignac\git\eventosUy\apache-tomcat-11.0.13\webapps\manager] de la aplicaci√≥n web
04-Dec-2025 21:44:41.079 INFO [main] org.apache.catalina.startup.HostConfig.deployDirectory Deployment of web application directory [C:\Users\ignac\git\eventosUy\apache-tomcat-11.0.13\webapps\manager] has finished in [38] ms
04-Dec-2025 21:44:41.080 INFO [main] org.apache.catalina.startup.HostConfig.deployDirectory Desplegando el directorio [C:\Users\ignac\git\eventosUy\apache-tomcat-11.0.13\webapps\ROOT] de la aplicaci√≥n web
04-Dec-2025 21:44:41.105 INFO [main] org.apache.catalina.startup.HostConfig.deployDirectory Deployment of web application directory [C:\Users\ignac\git\eventosUy\apache-tomcat-11.0.13\webapps\ROOT] has finished in [25] ms
04-Dec-2025 21:44:41.110 INFO [main] org.apache.coyote.AbstractProtocol.start Starting ProtocolHandler ["http-nio-8081"]
04-Dec-2025 21:44:41.131 INFO [main] org.apache.catalina.startup.Catalina.start Server startup in [3544] milliseconds
Conferencia de TecnologÌa
Montevideo Comics
Feria del Libro
Expointer Uruguay
04-Dec-2025 21:45:15.587 INFO [main] org.apache.catalina.core.StandardServer.await Se ha recibido un comando de apagado a trav√©s del puerto de apagado. Parando la instancia del Servidor.
04-Dec-2025 21:45:15.587 INFO [main] org.apache.coyote.AbstractProtocol.pause Pausing ProtocolHandler ["http-nio-8081"]
04-Dec-2025 21:45:15.590 INFO [main] org.apache.catalina.core.StandardService.stopInternal Parando servicio [Catalina]
Servidor detenido ó liberando recursos...
04-Dec-2025 21:45:15.607 INFO [main] org.apache.coyote.AbstractProtocol.stop Stopping ProtocolHandler ["http-nio-8081"]
04-Dec-2025 21:45:15.629 INFO [main] org.apache.coyote.AbstractProtocol.destroy Destroying ProtocolHandler ["http-nio-8081"]
